<?xml version="1.0" encoding="UTF-8"?>
<!-- Generated by org.testng.reporters.JUnitReportReporter -->
<testsuite skipped="7" hostname="developerpc-11" name="epicList_Chrome_Account_User.AddEditDelete_TaxExemptReasons" tests="10" failures="0" timestamp="2022-04-28T06:10:14 PDT" time="385.472" errors="1">
  <testcase name="login" time="129.065" classname="epicList_Chrome_Account_User.AddEditDelete_TaxExemptReasons"/>
  <system-out/>
  <testcase name="calling" time="244.827" classname="epicList_Chrome_Account_User.AddEditDelete_TaxExemptReasons">
    <error type="org.openqa.selenium.NoSuchElementException" message="no such element: Unable to locate element: {&quot;method&quot;:&quot;css selector&quot;,&quot;selector&quot;:&quot;a.btn.btn-small.btn-success&quot;}
  (Session info: chrome=100.0.4896.127)
  (Driver info: chromedriver=100.0.4896.60 (6a5d10861ce8de5fce22564658033b43cb7de047-refs/branch-heads/4896@{#875}),platform=Windows NT 6.3.9600 x86_64) (WARNING: The server did not provide any stacktrace information)
Command duration or timeout: 20.03 seconds
For documentation on this error, please visit: http://seleniumhq.org/exceptions/no_such_element.html
Build info: version: &#039;2.53.1&#039;, revision: &#039;a36b8b1cd5757287168e54b817830adce9b0158d&#039;, time: &#039;2016-06-30 19:26:09&#039;
System info: host: &#039;developerpc-11&#039;, ip: &#039;10.10.180.39&#039;, os.name: &#039;Windows 8.1&#039;, os.arch: &#039;amd64&#039;, os.version: &#039;6.3&#039;, java.version: &#039;1.8.0_172&#039;
Driver info: org.openqa.selenium.chrome.ChromeDriver
Capabilities [{mobileEmulationEnabled=false, timeouts={implicit=0, pageLoad=300000, script=30000}, hasTouchScreen=false, platform=XP, acceptSslCerts=false, goog:chromeOptions={debuggerAddress=localhost:57683}, webauthn:extension:credBlob=true, acceptInsecureCerts=false, webStorageEnabled=true, browserName=chrome, takesScreenshot=true, javascriptEnabled=true, setWindowRect=true, webauthn:extension:largeBlob=true, unexpectedAlertBehaviour=ignore, rotatable=false, networkConnectionEnabled=false, chrome={chromedriverVersion=100.0.4896.60 (6a5d10861ce8de5fce22564658033b43cb7de047-refs/branch-heads/4896@{#875}), userDataDir=C:\Users\Swetha\AppData\Local\Temp\scoped_dir7288_2083270444}, takesHeapSnapshot=true, pageLoadStrategy=normal, strictFileInteractability=false, databaseEnabled=false, handlesAlerts=true, version=100.0.4896.127, browserConnectionEnabled=false, proxy={}, nativeEvents=true, locationContextEnabled=true, cssSelectorsEnabled=true, webauthn:virtualAuthenticators=true}]
Session ID: 07d7360b1ac0f3b8f1f2f03a461cf211
*** Element info: {Using=css selector, value=a.btn.btn-small.btn-success}">
      <![CDATA[org.openqa.selenium.NoSuchElementException: no such element: Unable to locate element: {"method":"css selector","selector":"a.btn.btn-small.btn-success"}
  (Session info: chrome=100.0.4896.127)
  (Driver info: chromedriver=100.0.4896.60 (6a5d10861ce8de5fce22564658033b43cb7de047-refs/branch-heads/4896@{#875}),platform=Windows NT 6.3.9600 x86_64) (WARNING: The server did not provide any stacktrace information)
Command duration or timeout: 20.03 seconds
For documentation on this error, please visit: http://seleniumhq.org/exceptions/no_such_element.html
Build info: version: '2.53.1', revision: 'a36b8b1cd5757287168e54b817830adce9b0158d', time: '2016-06-30 19:26:09'
System info: host: 'developerpc-11', ip: '10.10.180.39', os.name: 'Windows 8.1', os.arch: 'amd64', os.version: '6.3', java.version: '1.8.0_172'
Driver info: org.openqa.selenium.chrome.ChromeDriver
Capabilities [{mobileEmulationEnabled=false, timeouts={implicit=0, pageLoad=300000, script=30000}, hasTouchScreen=false, platform=XP, acceptSslCerts=false, goog:chromeOptions={debuggerAddress=localhost:57683}, webauthn:extension:credBlob=true, acceptInsecureCerts=false, webStorageEnabled=true, browserName=chrome, takesScreenshot=true, javascriptEnabled=true, setWindowRect=true, webauthn:extension:largeBlob=true, unexpectedAlertBehaviour=ignore, rotatable=false, networkConnectionEnabled=false, chrome={chromedriverVersion=100.0.4896.60 (6a5d10861ce8de5fce22564658033b43cb7de047-refs/branch-heads/4896@{#875}), userDataDir=C:\Users\Swetha\AppData\Local\Temp\scoped_dir7288_2083270444}, takesHeapSnapshot=true, pageLoadStrategy=normal, strictFileInteractability=false, databaseEnabled=false, handlesAlerts=true, version=100.0.4896.127, browserConnectionEnabled=false, proxy={}, nativeEvents=true, locationContextEnabled=true, cssSelectorsEnabled=true, webauthn:virtualAuthenticators=true}]
Session ID: 07d7360b1ac0f3b8f1f2f03a461cf211
*** Element info: {Using=css selector, value=a.btn.btn-small.btn-success}
at sun.reflect.NativeConstructorAccessorImpl.newInstance0(Native Method)
at sun.reflect.NativeConstructorAccessorImpl.newInstance(NativeConstructorAccessorImpl.java:62)
at sun.reflect.DelegatingConstructorAccessorImpl.newInstance(DelegatingConstructorAccessorImpl.java:45)
at java.lang.reflect.Constructor.newInstance(Constructor.java:423)
at org.openqa.selenium.remote.ErrorHandler.createThrowable(ErrorHandler.java:206)
at org.openqa.selenium.remote.ErrorHandler.throwIfResponseFailed(ErrorHandler.java:158)
at org.openqa.selenium.remote.RemoteWebDriver.execute(RemoteWebDriver.java:678)
at org.openqa.selenium.remote.RemoteWebDriver.findElement(RemoteWebDriver.java:363)
at org.openqa.selenium.remote.RemoteWebDriver.findElementByCssSelector(RemoteWebDriver.java:492)
at org.openqa.selenium.By$ByCssSelector.findElement(By.java:430)
at org.openqa.selenium.remote.RemoteWebDriver.findElement(RemoteWebDriver.java:355)
at epicList_Chrome_Account_User.AddEditDelete_TaxExemptReasons.Reasons_TaxExempt_method_verifyActive_InActiveButton(AddEditDelete_TaxExemptReasons.java:402)
at epicList_Chrome_Account_User.AddEditDelete_TaxExemptReasons.calling(AddEditDelete_TaxExemptReasons.java:101)
at sun.reflect.NativeMethodAccessorImpl.invoke0(Native Method)
at sun.reflect.NativeMethodAccessorImpl.invoke(NativeMethodAccessorImpl.java:62)
at sun.reflect.DelegatingMethodAccessorImpl.invoke(DelegatingMethodAccessorImpl.java:43)
at java.lang.reflect.Method.invoke(Method.java:498)
at org.testng.internal.MethodInvocationHelper.invokeMethod(MethodInvocationHelper.java:134)
at org.testng.internal.TestInvoker.invokeMethod(TestInvoker.java:597)
at org.testng.internal.TestInvoker.invokeTestMethod(TestInvoker.java:173)
at org.testng.internal.MethodRunner.runInSequence(MethodRunner.java:46)
at org.testng.internal.TestInvoker$MethodInvocationAgent.invoke(TestInvoker.java:816)
at org.testng.internal.TestInvoker.invokeTestMethods(TestInvoker.java:146)
at org.testng.internal.TestMethodWorker.invokeTestMethods(TestMethodWorker.java:146)
at org.testng.internal.TestMethodWorker.run(TestMethodWorker.java:128)
at java.util.ArrayList.forEach(ArrayList.java:1257)
at org.testng.TestRunner.privateRun(TestRunner.java:766)
at org.testng.TestRunner.run(TestRunner.java:587)
at org.testng.SuiteRunner.runTest(SuiteRunner.java:384)
at org.testng.SuiteRunner.runSequentially(SuiteRunner.java:378)
at org.testng.SuiteRunner.privateRun(SuiteRunner.java:337)
at org.testng.SuiteRunner.run(SuiteRunner.java:286)
at org.testng.SuiteRunnerWorker.runSuite(SuiteRunnerWorker.java:53)
at org.testng.SuiteRunnerWorker.run(SuiteRunnerWorker.java:96)
at org.testng.TestNG.runSuitesSequentially(TestNG.java:1187)
at org.testng.TestNG.runSuitesLocally(TestNG.java:1109)
at org.testng.TestNG.runSuites(TestNG.java:1039)
at org.testng.TestNG.run(TestNG.java:1007)
at org.testng.remote.AbstractRemoteTestNG.run(AbstractRemoteTestNG.java:115)
at org.testng.remote.RemoteTestNG.initAndRun(RemoteTestNG.java:251)
at org.testng.remote.RemoteTestNG.main(RemoteTestNG.java:77)
]]>
    </error>
  </testcase> <!-- calling -->
  <system-out/>
  <testcase name="logout" time="11.580" classname="epicList_Chrome_Account_User.AddEditDelete_TaxExemptReasons"/>
  <system-out/>
  <testcase name="Reasons_TaxExempt_method_openTaxExemptReasons" classname="epicList_Chrome_Account_User.AddEditDelete_TaxExemptReasons">
    <skipped/>
  </testcase> <!-- Reasons_TaxExempt_method_openTaxExemptReasons -->
  <system-out/>
  <testcase name="Reasons_TaxExempt_method_deleteTaxExemptReasons" classname="epicList_Chrome_Account_User.AddEditDelete_TaxExemptReasons">
    <skipped/>
  </testcase> <!-- Reasons_TaxExempt_method_deleteTaxExemptReasons -->
  <system-out/>
  <testcase name="Reasons_TaxExempt_method_editTaxExemptReasons" classname="epicList_Chrome_Account_User.AddEditDelete_TaxExemptReasons">
    <skipped/>
  </testcase> <!-- Reasons_TaxExempt_method_editTaxExemptReasons -->
  <system-out/>
  <testcase name="Reasons_TaxExempt_method_closeButton" classname="epicList_Chrome_Account_User.AddEditDelete_TaxExemptReasons">
    <skipped/>
  </testcase> <!-- Reasons_TaxExempt_method_closeButton -->
  <system-out/>
  <testcase name="Reasons_TaxExempt_method_addTaxExemptReasons" classname="epicList_Chrome_Account_User.AddEditDelete_TaxExemptReasons">
    <skipped/>
  </testcase> <!-- Reasons_TaxExempt_method_addTaxExemptReasons -->
  <system-out/>
  <testcase name="Reasons_TaxExempt_method_refreshTaxExemptReasons" classname="epicList_Chrome_Account_User.AddEditDelete_TaxExemptReasons">
    <skipped/>
  </testcase> <!-- Reasons_TaxExempt_method_refreshTaxExemptReasons -->
  <system-out/>
  <testcase name="Reasons_TaxExempt_method_verifyActive_InActiveButton" classname="epicList_Chrome_Account_User.AddEditDelete_TaxExemptReasons">
    <skipped/>
  </testcase> <!-- Reasons_TaxExempt_method_verifyActive_InActiveButton -->
  <system-out/>
</testsuite> <!-- epicList_Chrome_Account_User.AddEditDelete_TaxExemptReasons -->
