<?xml version="1.0" encoding="UTF-8"?>
<!-- Generated by org.testng.reporters.JUnitReportReporter -->
<testsuite skipped="2" hostname="developerpc-11" name="epicList_Chrome_Account_User.Verify_SaleRecap_Report" tests="6" failures="0" timestamp="2022-05-06T17:29:43 IST" time="221.445" errors="1">
  <testcase name="flushTest" time="4.092" classname="epicList_Chrome_Account_User.Verify_SaleRecap_Report">
    <error type="java.lang.RuntimeException" message="javax.mail.AuthenticationFailedException: 535-5.7.8 Username and Password not accepted. Learn more at
535 5.7.8  https://support.google.com/mail/?p=BadCredentials g1-20020a170902868100b0015e8d4eb272sm1527430plo.188 - gsmtp
">
      <![CDATA[java.lang.RuntimeException: javax.mail.AuthenticationFailedException: 535-5.7.8 Username and Password not accepted. Learn more at
535 5.7.8  https://support.google.com/mail/?p=BadCredentials g1-20020a170902868100b0015e8d4eb272sm1527430plo.188 - gsmtp

at epicList_Chrome_Account_User.SendMail.snedMailWithAttachment(SendMail.java:140)
at epicList_Chrome_Account_User.Verify_SaleRecap_Report.flushTest(Verify_SaleRecap_Report.java:54)
at sun.reflect.NativeMethodAccessorImpl.invoke0(Native Method)
at sun.reflect.NativeMethodAccessorImpl.invoke(NativeMethodAccessorImpl.java:62)
at sun.reflect.DelegatingMethodAccessorImpl.invoke(DelegatingMethodAccessorImpl.java:43)
at java.lang.reflect.Method.invoke(Method.java:498)
at org.testng.internal.MethodInvocationHelper.invokeMethod(MethodInvocationHelper.java:134)
at org.testng.internal.MethodInvocationHelper.invokeMethodConsideringTimeout(MethodInvocationHelper.java:63)
at org.testng.internal.ConfigInvoker.invokeConfigurationMethod(ConfigInvoker.java:348)
at org.testng.internal.ConfigInvoker.invokeConfigurations(ConfigInvoker.java:302)
at org.testng.internal.TestMethodWorker.invokeAfterClassMethods(TestMethodWorker.java:217)
at org.testng.internal.TestMethodWorker.run(TestMethodWorker.java:130)
at java.util.ArrayList.forEach(ArrayList.java:1257)
at org.testng.TestRunner.privateRun(TestRunner.java:766)
at org.testng.TestRunner.run(TestRunner.java:587)
at org.testng.SuiteRunner.runTest(SuiteRunner.java:384)
at org.testng.SuiteRunner.runSequentially(SuiteRunner.java:378)
at org.testng.SuiteRunner.privateRun(SuiteRunner.java:337)
at org.testng.SuiteRunner.run(SuiteRunner.java:286)
at org.testng.SuiteRunnerWorker.runSuite(SuiteRunnerWorker.java:53)
at org.testng.SuiteRunnerWorker.run(SuiteRunnerWorker.java:96)
at org.testng.TestNG.runSuitesSequentially(TestNG.java:1187)
at org.testng.TestNG.runSuitesLocally(TestNG.java:1109)
at org.testng.TestNG.runSuites(TestNG.java:1039)
at org.testng.TestNG.run(TestNG.java:1007)
at org.testng.remote.AbstractRemoteTestNG.run(AbstractRemoteTestNG.java:115)
at org.testng.remote.RemoteTestNG.initAndRun(RemoteTestNG.java:251)
at org.testng.remote.RemoteTestNG.main(RemoteTestNG.java:77)
Caused by: javax.mail.AuthenticationFailedException: 535-5.7.8 Username and Password not accepted. Learn more at
535 5.7.8  https://support.google.com/mail/?p=BadCredentials g1-20020a170902868100b0015e8d4eb272sm1527430plo.188 - gsmtp

at com.sun.mail.smtp.SMTPTransport$Authenticator.authenticate(SMTPTransport.java:892)
at com.sun.mail.smtp.SMTPTransport.authenticate(SMTPTransport.java:814)
at com.sun.mail.smtp.SMTPTransport.protocolConnect(SMTPTransport.java:728)
at javax.mail.Service.connect(Service.java:386)
at javax.mail.Service.connect(Service.java:245)
at javax.mail.Service.connect(Service.java:194)
at javax.mail.Transport.send0(Transport.java:253)
at javax.mail.Transport.send(Transport.java:124)
at epicList_Chrome_Account_User.SendMail.snedMailWithAttachment(SendMail.java:134)
... 27 more
]]>
    </error>
  </testcase> <!-- flushTest -->
  <system-out/>
  <testcase name="login" time="111.508" classname="epicList_Chrome_Account_User.Verify_SaleRecap_Report"/>
  <system-out/>
  <testcase name="calling" time="92.091" classname="epicList_Chrome_Account_User.Verify_SaleRecap_Report"/>
  <system-out/>
  <testcase name="logout" time="13.754" classname="epicList_Chrome_Account_User.Verify_SaleRecap_Report"/>
  <system-out/>
  <testcase name="Sale_Recap_Sale_method_openpage_Report" classname="epicList_Chrome_Account_User.Verify_SaleRecap_Report">
    <skipped/>
  </testcase> <!-- Sale_Recap_Sale_method_openpage_Report -->
  <system-out/>
  <testcase name="Sale_Recap_Sale_method_Verify_Report" classname="epicList_Chrome_Account_User.Verify_SaleRecap_Report">
    <skipped/>
  </testcase> <!-- Sale_Recap_Sale_method_Verify_Report -->
  <system-out/>
</testsuite> <!-- epicList_Chrome_Account_User.Verify_SaleRecap_Report -->
